<?xml version="1.0" encoding="UTF-8"?>
<!-- Generated by org.testng.reporters.JUnitXMLReporter -->
<testsuite ignored="0" hostname="TelmoAsusG513" failures="1" tests="1" name="Test_Crossbrowser_Chrome" time="8.051" errors="0" timestamp="2024-09-01T21:54:28 BST">
  <testcase classname="com.mystore.testcases.LoginPageTest" name="loginTest" time="3.777">
    <failure type="java.lang.AssertionError" message="expected [http://automationpractice.com/index.php?controller=my-account] but found [http://www.automationpractice.pl/index.php?controller=authentication]">
      <![CDATA[java.lang.AssertionError: expected [http://automationpractice.com/index.php?controller=my-account] but found [http://www.automationpractice.pl/index.php?controller=authentication]
at com.mystore.testcases.LoginPageTest.loginTest(LoginPageTest.java:46)
at java.base/java.util.ArrayList.forEach(ArrayList.java:1597)
... Removed 30 stack frames]]>
    </failure>
  </testcase> <!-- loginTest -->
</testsuite> <!-- Test_Crossbrowser_Chrome -->
